{"uuid":"7ebecb07-e9fa-49d9-b2d2-3d55ed086f40","historyId":"58efc768e933ef947334238392624152","fullName":"testcases.nopCommerce.RegistrationTest.TC_REG_001","labels":[{"name":"package","value":"testcases.nopCommerce.RegistrationTest"},{"name":"testClass","value":"testcases.nopCommerce.RegistrationTest"},{"name":"testMethod","value":"TC_REG_001"},{"name":"parentSuite","value":"MultiBrowserSuite"},{"name":"suite","value":"ChromeTest"},{"name":"subSuite","value":"testcases.nopCommerce.RegistrationTest"},{"name":"host","value":"DESKTOP-44OFSN2"},{"name":"thread","value":"26764@DESKTOP-44OFSN2.TestNG-tests-1(17)"},{"name":"framework","value":"testng"},{"name":"language","value":"java"}],"links":[],"name":"TC_REG_001","status":"broken","statusDetails":{"known":false,"muted":false,"flaky":false,"message":"Input must be set","trace":"java.lang.IllegalArgumentException: Input must be set\r\n\tat org.openqa.selenium.internal.Require.nonNull(Require.java:60)\r\n\tat org.openqa.selenium.support.ui.FluentWait.<init>(FluentWait.java:94)\r\n\tat org.openqa.selenium.support.ui.WebDriverWait.<init>(WebDriverWait.java:74)\r\n\tat org.openqa.selenium.support.ui.WebDriverWait.<init>(WebDriverWait.java:43)\r\n\tat common.BasePage.waitForElementToBeVisible(BasePage.java:221)\r\n\tat common.BasePage.selectCheckBox(BasePage.java:203)\r\n\tat pages.nopCommerce.UserRegisterPageObject.selectNewsletter(UserRegisterPageObject.java:73)\r\n\tat testcases.nopCommerce.RegistrationTest.TC_REG_001(RegistrationTest.java:28)\r\n\tat java.base/jdk.internal.reflect.NativeMethodAccessorImpl.invoke0(Native Method)\r\n\tat java.base/jdk.internal.reflect.NativeMethodAccessorImpl.invoke(NativeMethodAccessorImpl.java:77)\r\n\tat java.base/jdk.internal.reflect.DelegatingMethodAccessorImpl.invoke(DelegatingMethodAccessorImpl.java:43)\r\n\tat java.base/java.lang.reflect.Method.invoke(Method.java:568)\r\n\tat org.testng.internal.invokers.MethodInvocationHelper.invokeMethod(MethodInvocationHelper.java:139)\r\n\tat org.testng.internal.invokers.TestInvoker.invokeMethod(TestInvoker.java:677)\r\n\tat org.testng.internal.invokers.TestInvoker.invokeTestMethod(TestInvoker.java:221)\r\n\tat org.testng.internal.invokers.MethodRunner.runInSequence(MethodRunner.java:50)\r\n\tat org.testng.internal.invokers.TestInvoker$MethodInvocationAgent.invoke(TestInvoker.java:969)\r\n\tat org.testng.internal.invokers.TestInvoker.invokeTestMethods(TestInvoker.java:194)\r\n\tat org.testng.internal.invokers.TestMethodWorker.invokeTestMethods(TestMethodWorker.java:148)\r\n\tat org.testng.internal.invokers.TestMethodWorker.run(TestMethodWorker.java:128)\r\n\tat java.base/java.util.ArrayList.forEach(ArrayList.java:1511)\r\n\tat org.testng.TestRunner.privateRun(TestRunner.java:829)\r\n\tat org.testng.TestRunner.run(TestRunner.java:602)\r\n\tat org.testng.SuiteRunner.runTest(SuiteRunner.java:437)\r\n\tat org.testng.SuiteRunner$SuiteWorker.run(SuiteRunner.java:475)\r\n\tat org.testng.internal.thread.ThreadUtil.lambda$execute$0(ThreadUtil.java:58)\r\n\tat java.base/java.util.concurrent.FutureTask.run(FutureTask.java:264)\r\n\tat java.base/java.util.concurrent.ThreadPoolExecutor.runWorker(ThreadPoolExecutor.java:1136)\r\n\tat java.base/java.util.concurrent.ThreadPoolExecutor$Worker.run(ThreadPoolExecutor.java:635)\r\n\tat java.base/java.lang.Thread.run(Thread.java:840)\r\n"},"stage":"finished","steps":[{"name":"Navigate to Register page","status":"passed","stage":"finished","steps":[],"attachments":[],"parameters":[],"start":1742024924337,"stop":1742024925515},{"name":"Enter to firstname textbox with value is John","status":"passed","stage":"finished","steps":[],"attachments":[],"parameters":[{"name":"firstname","value":"John"}],"start":1742024925517,"stop":1742024925642},{"name":"Enter to Lastname textbox with value is Doe","status":"passed","stage":"finished","steps":[],"attachments":[],"parameters":[{"name":"lastName","value":"Doe"}],"start":1742024925645,"stop":1742024925755},{"name":"Enter to Email textbox with value is john.doe@example.com","status":"passed","stage":"finished","steps":[],"attachments":[],"parameters":[{"name":"emailAddres","value":"john.doe@example.com"}],"start":1742024925756,"stop":1742024926140},{"name":"Enter to Company textbox with value is Electronic","status":"passed","stage":"finished","steps":[],"attachments":[],"parameters":[{"name":"company","value":"Electronic"}],"start":1742024926141,"stop":1742024926238},{"name":"Select to newsletter ","status":"broken","statusDetails":{"known":false,"muted":false,"flaky":false,"message":"Input must be set","trace":"java.lang.IllegalArgumentException: Input must be set\r\n\tat org.openqa.selenium.internal.Require.nonNull(Require.java:60)\r\n\tat org.openqa.selenium.support.ui.FluentWait.<init>(FluentWait.java:94)\r\n\tat org.openqa.selenium.support.ui.WebDriverWait.<init>(WebDriverWait.java:74)\r\n\tat org.openqa.selenium.support.ui.WebDriverWait.<init>(WebDriverWait.java:43)\r\n\tat common.BasePage.waitForElementToBeVisible(BasePage.java:221)\r\n\tat common.BasePage.selectCheckBox(BasePage.java:203)\r\n\tat pages.nopCommerce.UserRegisterPageObject.selectNewsletter(UserRegisterPageObject.java:73)\r\n\tat testcases.nopCommerce.RegistrationTest.TC_REG_001(RegistrationTest.java:28)\r\n\tat java.base/jdk.internal.reflect.NativeMethodAccessorImpl.invoke0(Native Method)\r\n\tat java.base/jdk.internal.reflect.NativeMethodAccessorImpl.invoke(NativeMethodAccessorImpl.java:77)\r\n\tat java.base/jdk.internal.reflect.DelegatingMethodAccessorImpl.invoke(DelegatingMethodAccessorImpl.java:43)\r\n\tat java.base/java.lang.reflect.Method.invoke(Method.java:568)\r\n\tat org.testng.internal.invokers.MethodInvocationHelper.invokeMethod(MethodInvocationHelper.java:139)\r\n\tat org.testng.internal.invokers.TestInvoker.invokeMethod(TestInvoker.java:677)\r\n\tat org.testng.internal.invokers.TestInvoker.invokeTestMethod(TestInvoker.java:221)\r\n\tat org.testng.internal.invokers.MethodRunner.runInSequence(MethodRunner.java:50)\r\n\tat org.testng.internal.invokers.TestInvoker$MethodInvocationAgent.invoke(TestInvoker.java:969)\r\n\tat org.testng.internal.invokers.TestInvoker.invokeTestMethods(TestInvoker.java:194)\r\n\tat org.testng.internal.invokers.TestMethodWorker.invokeTestMethods(TestMethodWorker.java:148)\r\n\tat org.testng.internal.invokers.TestMethodWorker.run(TestMethodWorker.java:128)\r\n\tat java.base/java.util.ArrayList.forEach(ArrayList.java:1511)\r\n\tat org.testng.TestRunner.privateRun(TestRunner.java:829)\r\n\tat org.testng.TestRunner.run(TestRunner.java:602)\r\n\tat org.testng.SuiteRunner.runTest(SuiteRunner.java:437)\r\n\tat org.testng.SuiteRunner$SuiteWorker.run(SuiteRunner.java:475)\r\n\tat org.testng.internal.thread.ThreadUtil.lambda$execute$0(ThreadUtil.java:58)\r\n\tat java.base/java.util.concurrent.FutureTask.run(FutureTask.java:264)\r\n\tat java.base/java.util.concurrent.ThreadPoolExecutor.runWorker(ThreadPoolExecutor.java:1136)\r\n\tat java.base/java.util.concurrent.ThreadPoolExecutor$Worker.run(ThreadPoolExecutor.java:635)\r\n\tat java.base/java.lang.Thread.run(Thread.java:840)\r\n"},"stage":"finished","steps":[],"attachments":[],"parameters":[],"start":1742024926238,"stop":1742024926276}],"attachments":[],"parameters":[{"name":"browser","value":"chrome"}],"start":1742024924298,"stop":1742024926279}